<testExecutions version="1">
<file path="test/unit-test/lib/logger.spec.js">
<testCase name="Test logger: Check logs on starting" duration="17"/>
</file>
<file path="test/unit-test/lib/mappings-sort.spec.js">
<testCase name="Test for the mapping sort: Sort correctly" duration="1"/>
<testCase name="Test for the mapping sort: Sort correctly" duration="0"/>
</file>
<file path="test/unit-test/lib/request-matching/body.spec.js">
<testCase name="Test for the Body equalToJson request mapping: Check body json equals request mapping" duration="30"/>
<testCase name="Test for the Body equalToJson request mapping: Check body json equals arrayOrder request mapping" duration="2"/>
<testCase name="Test for the Body equalToJson request mapping: Check body json equals request mapping with too mach attributes" duration="3"/>
<testCase name="Test for the Body equalToJson request mapping: Check body json equals request mapping with incorrect attribute" duration="3"/>
<testCase name="Test for the Body equalToJson request mapping: 404 everything else" duration="2"/>
<testCase name="Test for the Body matchesJsonPath request mapping: Check body json match path request mapping" duration="7"/>
<testCase name="Test for the Body matchesJsonPath request mapping: Check body json match path request mapping with select a condition to array" duration="2"/>
<testCase name="Test for the Body matchesJsonPath request mapping: Check body json match path request mapping with select a condition to nested array" duration="3"/>
<testCase name="Test for the Body matchesJsonPath request mapping: Check body json match path mapping with incorrect path" duration="2"/>
</file>
<file path="test/unit-test/lib/request-matching/headers.spec.js">
<testCase name="Test for the Headers request mapping: Check the one header request mapping" duration="3"/>
<testCase name="Test for the Headers request mapping: Check the two headers request mapping" duration="2"/>
<testCase name="Test for the Headers request mapping: Check the one header name incorrect request mapping" duration="2"/>
<testCase name="Test for the Headers request mapping: Check the one header value incorrect request mapping" duration="2"/>
<testCase name="Test for the Headers request mapping: Check the two headers with one incorrect request mapping" duration="2"/>
<testCase name="Test for the Headers request mapping: Check the two headers incorrect request mapping" duration="2"/>
</file>
<file path="test/unit-test/lib/request-matching/method.spec.js">
<testCase name="Test for the Method request mapping: Check the without method" duration="3"/>
<testCase name="Test for the Method request mapping: Check ANY method" duration="2"/>
<testCase name="Test for the Method request mapping: Check ANY method lowercase" duration="2"/>
<testCase name="Test for the Method request mapping: Check GET method" duration="1"/>
<testCase name="Test for the Method request mapping: Check GET method lowercase" duration="1"/>
<testCase name="Test for the Method request mapping: Check POST method" duration="2"/>
<testCase name="Test for the Method request mapping: Check POST method lowercase" duration="2"/>
<testCase name="Test for the Method request mapping: Check PUT method" duration="2"/>
<testCase name="Test for the Method request mapping: Check PUT method lowercase" duration="2"/>
<testCase name="Test for the Method request mapping: Check DELETE method" duration="1"/>
<testCase name="Test for the Method request mapping: Check DELETE method lowercase" duration="1"/>
<testCase name="Test for the Method request mapping: Check OPTIONS method" duration="2"/>
<testCase name="Test for the Method request mapping: Check OPTIONS method lowercase" duration="2"/>
</file>
<file path="test/unit-test/lib/request-matching/query-parameters.spec.js">
<testCase name="Test for the Query Parameters request mapping: Check the no query parametes request mapping" duration="2"/>
<testCase name="Test for the Query Parameters request mapping: Check the one query parametes request mapping" duration="3"/>
<testCase name="Test for the Query Parameters request mapping: Check the two query parametes request mapping" duration="1"/>
<testCase name="Test for the Query Parameters request mapping: Check the one query parameter name incorrect request mapping" duration="1"/>
<testCase name="Test for the Query Parameters request mapping: Check the one query parameter value incorrect request mapping" duration="1"/>
<testCase name="Test for the Query Parameters request mapping: Check the two query parameter with one incorrect request mapping" duration="2"/>
<testCase name="Test for the Query Parameters request mapping: Check the two query parameter incorrect request mapping" duration="2"/>
</file>
<file path="test/unit-test/lib/request-matching/schems.spec.js">
<testCase name="Test for the Schema matching request mapping: Check body json match request schema" duration="4"/>
<testCase name="Test for the Schema matching request mapping: Check body json not match request schema because too mach attributes" duration="3"/>
<testCase name="Test for the Schema matching request mapping: Check body json match request schema file" duration="4"/>
<testCase name="Test for the Schema matching request mapping: Check body json not match request schema file because too mach attributes" duration="2"/>
<testCase name="Test for the Schema matching request mapping: Check body json match request schema that refs a file" duration="2"/>
<testCase name="Test for the Schema matching request mapping: Check body json equals request schema with too mach attributes" duration="2"/>
</file>
<file path="test/unit-test/lib/request-matching/url.spec.js">
<testCase name="Test for the URL request mapping: Check the &quot;url&quot; request mapping" duration="3"/>
<testCase name="Test for the URL request mapping: Check the &quot;urlPattern&quot; request mapping" duration="2"/>
<testCase name="Test for the URL request mapping: Check the &quot;urlPath&quot; request mapping" duration="2"/>
<testCase name="Test for the URL request mapping: Check the &quot;urlPathPattern&quot; request mapping" duration="2"/>
</file>
<file path="test/unit-test/lib/rest-mock-middleware.spec.js">
<testCase name="Test for the rest-mock-middleware sort: No config" duration="2"/>
<testCase name="Test for the rest-mock-middleware sort: Disabled" duration="2"/>
<testCase name="Test for the rest-mock-middleware sort: wrong configuration" duration="1"/>
</file>
<file path="test/unit-test/lib/walk-sync.spec.js">
<testCase name="Test for the walk sync json sort: Read json file,, read old file, and read directory" duration="0"/>
</file>
</testExecutions>
